****************************************************
*                                                  *
*    2HDMC - Two-Higgs-Doublet Model Calculator    *
*             http://2hdmc.hepforge.org            *
*                  Version 1.7.0                   *
*             Compiled on Feb  1 2017              *
*                                                  *
****************************************************

2HDM parameters in physical mass basis:
      m_h:    125.00000
      m_H:    500.00000
      m_A:    300.00000
     m_H+:    500.00000
 sin(b-a):      0.99995
 lambda_6:      0.00000
 lambda_7:      0.00000
    m12^2: 115384.61539
tan(beta):      1.50000

2HDM parameters in generic basis:
 lambda_1:      0.37322
 lambda_2:      0.20640
 lambda_3:      0.29072
 lambda_4:     -2.63919
 lambda_5:      2.63919
 lambda_6:      0.00000
 lambda_7:      0.00000
    m12^2: 115384.61539
tan(beta):      1.50000

Constraints:
 Tree-level unitarity: 1
 Perturbativity:       1
 Stability:            0

Oblique parameters:
 S            -1.06277e-02
 T             1.10407e-04
 U            -1.01316e-05
 V            -2.25840e-04
 W            -1.87911e-04
 X            -2.36765e-05
 Delta_rho    -1.49572e-04
 Delta_amu     7.72128e-13

LesHouches output written to file out.dat

Decay table for h 
Total width:   4.259e-03 GeV      BR
h  -> s  s     9.489e-07      2.228e-04
h  -> c  c     1.216e-04      2.856e-02
h  -> b  b     2.595e-03      6.094e-01
h  -> e  e     2.078e-11      4.880e-09
h  -> mu mu    8.885e-07      2.086e-04
h  -> ta ta    2.510e-04      5.893e-02
h  -> ga ga    9.392e-06      2.206e-03
h  -> Z  Z     1.055e-04      2.477e-02
h  -> W+ W-    8.443e-04      1.983e-01
h  -> Z  ga    6.252e-06      1.468e-03
h  -> g  g     3.235e-04      7.597e-02
---------------------------------------

Decay table for H 
Total width:   1.303e+01 GeV      BR
H  -> s  s     6.594e-06      5.059e-07
H  -> c  c     1.599e-04      1.227e-05
H  -> b  b     1.873e-02      1.437e-03
H  -> t  t     5.540e+00      4.251e-01
H  -> e  e     1.954e-10      1.499e-11
H  -> mu mu    8.352e-06      6.408e-07
H  -> ta ta    2.362e-03      1.812e-04
H  -> ga ga    5.156e-05      3.956e-06
H  -> Z  Z     1.644e-03      1.261e-04
H  -> W+ W-    3.442e-03      2.641e-04
H  -> Z  ga    1.623e-05      1.246e-06
H  -> g  g     1.731e-02      1.328e-03
H  -> h  h     1.452e-02      1.114e-03
H  -> Z  A     7.435e+00      5.705e-01
---------------------------------------

Decay table for A 
Total width:   2.264e-02 GeV      BR
A  -> s  s     4.413e-06      1.949e-04
A  -> c  c     1.092e-04      4.822e-03
A  -> b  b     1.227e-02      5.419e-01
A  -> t  t     1.297e-03      5.731e-02
A  -> e  e     1.157e-10      5.110e-09
A  -> mu mu    4.946e-06      2.185e-04
A  -> ta ta    1.399e-03      6.178e-02
A  -> ga ga    1.953e-05      8.628e-04
A  -> Z  ga    4.386e-06      1.937e-04
A  -> g  g     7.241e-03      3.199e-01
A  -> Z  h     2.898e-04      1.280e-02
---------------------------------------

Decay table for H+
Total width:   1.742e+01 GeV      BR
H+ -> u  s     3.276e-07      1.880e-08
H+ -> u  b     2.239e-07      1.285e-08
H+ -> c  d     8.057e-06      4.625e-07
H+ -> c  s     1.566e-04      8.990e-06
H+ -> c  b     3.112e-05      1.786e-06
H+ -> t  d     6.865e-04      3.941e-05
H+ -> t  s     1.491e-02      8.556e-04
H+ -> t  b     9.268e+00      5.320e-01
H+ -> e  ve    1.928e-10      1.107e-11
H+ -> mu vm    8.243e-06      4.731e-07
H+ -> ta vt    2.331e-03      1.338e-04
H+ -> W+ h     3.072e-03      1.763e-04
H+ -> W+ A     8.132e+00      4.668e-01
---------------------------------------
